Gramática

    0 $accept: entrada $end

    1 entrada: entrada contador asig PYC
    2        | %empty
    3        | error PYC

    4 contador: %empty

    5 asig: ID EQUAL expr
    6     | expr

    7 expr: expr MAS expr
    8     | expr MENOS expr
    9     | expr MULT expr
   10     | expr DIV expr
   11     | expr POTENCIA expr
   12     | PARI expr PARD
   13     | ENT
   14     | MENOS expr
   15     | ID


Terminales con las reglas donde aparecen

$end (0) 0
error (256) 3
MAS (258) 7
MENOS (259) 8 14
MULT (260) 9
DIV (261) 10
PARI (262) 12
PARD (263) 12
PYC (264) 1 3
POTENCIA (265) 11
EQUAL (266) 5
ENT (267) 13
ID (268) 5 15
UMENOS (269)


No terminales con las reglas donde aparecen

$accept (15)
    en la izquierda: 0
entrada (16)
    en la izquierda: 1 2 3, en la derecha: 0 1
contador (17)
    en la izquierda: 4, en la derecha: 1
asig (18)
    en la izquierda: 5 6, en la derecha: 1
expr (19)
    en la izquierda: 7 8 9 10 11 12 13 14 15, en la derecha: 5 6 7
    8 9 10 11 12 14


Estado 0

    0 $accept: . entrada $end

    error  desplazar e ir al estado 1

    $end   reduce usando la regla 2 (entrada)
    MENOS  reduce usando la regla 2 (entrada)
    PARI   reduce usando la regla 2 (entrada)
    ENT    reduce usando la regla 2 (entrada)
    ID     reduce usando la regla 2 (entrada)

    entrada  ir al estado 2


Estado 1

    3 entrada: error . PYC

    PYC  desplazar e ir al estado 3


Estado 2

    0 $accept: entrada . $end
    1 entrada: entrada . contador asig PYC

    $end  desplazar e ir al estado 4

    $default  reduce usando la regla 4 (contador)

    contador  ir al estado 5


Estado 3

    3 entrada: error PYC .

    $default  reduce usando la regla 3 (entrada)


Estado 4

    0 $accept: entrada $end .

    $default  aceptar


Estado 5

    1 entrada: entrada contador . asig PYC

    MENOS  desplazar e ir al estado 6
    PARI   desplazar e ir al estado 7
    ENT    desplazar e ir al estado 8
    ID     desplazar e ir al estado 9

    asig  ir al estado 10
    expr  ir al estado 11


Estado 6

   14 expr: MENOS . expr

    MENOS  desplazar e ir al estado 6
    PARI   desplazar e ir al estado 7
    ENT    desplazar e ir al estado 8
    ID     desplazar e ir al estado 12

    expr  ir al estado 13


Estado 7

   12 expr: PARI . expr PARD

    MENOS  desplazar e ir al estado 6
    PARI   desplazar e ir al estado 7
    ENT    desplazar e ir al estado 8
    ID     desplazar e ir al estado 12

    expr  ir al estado 14


Estado 8

   13 expr: ENT .

    $default  reduce usando la regla 13 (expr)


Estado 9

    5 asig: ID . EQUAL expr
   15 expr: ID .

    EQUAL  desplazar e ir al estado 15

    $default  reduce usando la regla 15 (expr)


Estado 10

    1 entrada: entrada contador asig . PYC

    PYC  desplazar e ir al estado 16


Estado 11

    6 asig: expr .
    7 expr: expr . MAS expr
    8     | expr . MENOS expr
    9     | expr . MULT expr
   10     | expr . DIV expr
   11     | expr . POTENCIA expr

    MAS       desplazar e ir al estado 17
    MENOS     desplazar e ir al estado 18
    MULT      desplazar e ir al estado 19
    DIV       desplazar e ir al estado 20
    POTENCIA  desplazar e ir al estado 21

    $default  reduce usando la regla 6 (asig)


Estado 12

   15 expr: ID .

    $default  reduce usando la regla 15 (expr)


Estado 13

    7 expr: expr . MAS expr
    8     | expr . MENOS expr
    9     | expr . MULT expr
   10     | expr . DIV expr
   11     | expr . POTENCIA expr
   14     | MENOS expr .

    $default  reduce usando la regla 14 (expr)


Estado 14

    7 expr: expr . MAS expr
    8     | expr . MENOS expr
    9     | expr . MULT expr
   10     | expr . DIV expr
   11     | expr . POTENCIA expr
   12     | PARI expr . PARD

    MAS       desplazar e ir al estado 17
    MENOS     desplazar e ir al estado 18
    MULT      desplazar e ir al estado 19
    DIV       desplazar e ir al estado 20
    PARD      desplazar e ir al estado 22
    POTENCIA  desplazar e ir al estado 21


Estado 15

    5 asig: ID EQUAL . expr

    MENOS  desplazar e ir al estado 6
    PARI   desplazar e ir al estado 7
    ENT    desplazar e ir al estado 8
    ID     desplazar e ir al estado 12

    expr  ir al estado 23


Estado 16

    1 entrada: entrada contador asig PYC .

    $default  reduce usando la regla 1 (entrada)


Estado 17

    7 expr: expr MAS . expr

    MENOS  desplazar e ir al estado 6
    PARI   desplazar e ir al estado 7
    ENT    desplazar e ir al estado 8
    ID     desplazar e ir al estado 12

    expr  ir al estado 24


Estado 18

    8 expr: expr MENOS . expr

    MENOS  desplazar e ir al estado 6
    PARI   desplazar e ir al estado 7
    ENT    desplazar e ir al estado 8
    ID     desplazar e ir al estado 12

    expr  ir al estado 25


Estado 19

    9 expr: expr MULT . expr

    MENOS  desplazar e ir al estado 6
    PARI   desplazar e ir al estado 7
    ENT    desplazar e ir al estado 8
    ID     desplazar e ir al estado 12

    expr  ir al estado 26


Estado 20

   10 expr: expr DIV . expr

    MENOS  desplazar e ir al estado 6
    PARI   desplazar e ir al estado 7
    ENT    desplazar e ir al estado 8
    ID     desplazar e ir al estado 12

    expr  ir al estado 27


Estado 21

   11 expr: expr POTENCIA . expr

    MENOS  desplazar e ir al estado 6
    PARI   desplazar e ir al estado 7
    ENT    desplazar e ir al estado 8
    ID     desplazar e ir al estado 12

    expr  ir al estado 28


Estado 22

   12 expr: PARI expr PARD .

    $default  reduce usando la regla 12 (expr)


Estado 23

    5 asig: ID EQUAL expr .
    7 expr: expr . MAS expr
    8     | expr . MENOS expr
    9     | expr . MULT expr
   10     | expr . DIV expr
   11     | expr . POTENCIA expr

    MAS       desplazar e ir al estado 17
    MENOS     desplazar e ir al estado 18
    MULT      desplazar e ir al estado 19
    DIV       desplazar e ir al estado 20
    POTENCIA  desplazar e ir al estado 21

    $default  reduce usando la regla 5 (asig)


Estado 24

    7 expr: expr . MAS expr
    7     | expr MAS expr .
    8     | expr . MENOS expr
    9     | expr . MULT expr
   10     | expr . DIV expr
   11     | expr . POTENCIA expr

    MULT      desplazar e ir al estado 19
    DIV       desplazar e ir al estado 20
    POTENCIA  desplazar e ir al estado 21

    $default  reduce usando la regla 7 (expr)


Estado 25

    7 expr: expr . MAS expr
    8     | expr . MENOS expr
    8     | expr MENOS expr .
    9     | expr . MULT expr
   10     | expr . DIV expr
   11     | expr . POTENCIA expr

    MULT      desplazar e ir al estado 19
    DIV       desplazar e ir al estado 20
    POTENCIA  desplazar e ir al estado 21

    $default  reduce usando la regla 8 (expr)


Estado 26

    7 expr: expr . MAS expr
    8     | expr . MENOS expr
    9     | expr . MULT expr
    9     | expr MULT expr .
   10     | expr . DIV expr
   11     | expr . POTENCIA expr

    POTENCIA  desplazar e ir al estado 21

    $default  reduce usando la regla 9 (expr)


Estado 27

    7 expr: expr . MAS expr
    8     | expr . MENOS expr
    9     | expr . MULT expr
   10     | expr . DIV expr
   10     | expr DIV expr .
   11     | expr . POTENCIA expr

    POTENCIA  desplazar e ir al estado 21

    $default  reduce usando la regla 10 (expr)


Estado 28

    7 expr: expr . MAS expr
    8     | expr . MENOS expr
    9     | expr . MULT expr
   10     | expr . DIV expr
   11     | expr . POTENCIA expr
   11     | expr POTENCIA expr .

    $default  reduce usando la regla 11 (expr)
