No terminales inútiles en la gramática

   declarations
   identifier_list
   asig
   identifier_list_float
   asig_float
   identifier_list_boolean
   asig_boolean
   statement_list
   statement
   print_list
   print_item
   read_list
   expression_comparacion
   expression
   expression_float
   expression_boolean


Terminales no usados en la gramática

   FUNC
   VAR
   LET
   IF
   ELSE
   WHILE
   PRINT
   READ
   STRING
   PYC
   COMMA
   PLUSOP
   MINUSOP
   MULTOP
   DIVOP
   ASIGN
   PARI
   PARD
   LLAVEI
   LLAVED
   BOOL
   TRUE
   FALSE
   FLOAT
   LESS
   LESSEQ
   GREATER
   GREATEREQ
   EQ
   NOTEQ
   AND
   OR
   NOT
   NUM
   ID
   DECIMAL


Reglas inútiles en la gramática

    2 program: FUNC ID PARI PARD LLAVEI declarations statement_list LLAVED

    3 declarations: declarations VAR identifier_list PYC
    4             | declarations LET identifier_list PYC
    5             | declarations FLOAT identifier_list_float PYC
    6             | declarations BOOL identifier_list_boolean PYC

    7 identifier_list: asig
    8                | identifier_list COMMA asig

    9 asig: ID
   10     | ID ASIGN expression

   11 identifier_list_float: asig_float
   12                      | identifier_list_float COMMA asig_float

   13 asig_float: ID
   14           | ID ASIGN expression_float

   15 identifier_list_boolean: asig_boolean
   16                        | identifier_list_boolean COMMA asig_boolean

   17 asig_boolean: ID
   18             | ID ASIGN expression_boolean

   19 statement_list: statement_list statement
   20               | %empty

   21 statement: ID ASIGN expression PYC
   22          | ID ASIGN expression_float PYC
   23          | ID ASIGN expression_boolean PYC
   24          | LLAVEI statement_list LLAVED
   25          | IF PARI expression_comparacion PARD statement ELSE statement
   26          | IF PARI expression_comparacion PARD statement
   27          | WHILE PARI expression_comparacion PARD statement
   28          | PRINT print_list PYC
   29          | READ read_list PYC

   30 print_list: print_item
   31           | print_list COMMA print_item

   32 print_item: expression
   33           | expression_float
   34           | expression_boolean

   35 read_list: ID
   36          | read_list COMMA ID

   37 expression_comparacion: expression LESS expression
   38                       | expression GREATER expression
   39                       | expression LESSEQ expression
   40                       | expression GREATEREQ expression
   41                       | expression NOTEQ expression
   42                       | expression EQ expression
   43                       | expression_float LESS expression_float
   44                       | expression_float GREATER expression_float
   45                       | expression_float LESSEQ expression_float
   46                       | expression_float GREATEREQ expression_float
   47                       | expression_float NOTEQ expression_float
   48                       | expression_float EQ expression_float
   49                       | expression_boolean
   50                       | NOT expression_comparacion
   51                       | expression_comparacion AND expression_comparacion
   52                       | expression_comparacion OR expression_comparacion

   53 expression: expression PLUSOP expression
   54           | expression MINUSOP expression
   55           | expression MULTOP expression
   56           | expression DIVOP expression
   57           | MINUSOP expression
   58           | PARI expression PARD
   59           | ID
   60           | NUM

   61 expression_float: expression_float PLUSOP expression_float
   62                 | expression_float MINUSOP expression_float
   63                 | expression_float MULTOP expression_float
   64                 | expression_float DIVOP expression_float
   65                 | MINUSOP expression_float
   66                 | PARI expression_float PARD
   67                 | ID
   68                 | DECIMAL

   69 expression_boolean: TRUE
   70                   | FALSE
   71                   | ID


Gramática

    0 $accept: program $end

    1 program: %empty


Terminales con las reglas donde aparecen

$end (0) 0
error (256)
FUNC (258)
VAR (259)
LET (260)
IF (261)
ELSE (262)
WHILE (263)
PRINT (264)
READ (265)
STRING (266)
PYC (267)
COMMA (268)
PLUSOP (269)
MINUSOP (270)
MULTOP (271)
DIVOP (272)
ASIGN (273)
PARI (274)
PARD (275)
LLAVEI (276)
LLAVED (277)
BOOL (278)
TRUE (279)
FALSE (280)
FLOAT (281)
LESS (282)
LESSEQ (283)
GREATER (284)
GREATEREQ (285)
EQ (286)
NOTEQ (287)
AND (288)
OR (289)
NOT (290)
NUM (291)
ID (292)
DECIMAL (293)
UMENOS (294)


No terminales con las reglas donde aparecen

$accept (40)
    en la izquierda: 0
program (41)
    en la izquierda: 1, en la derecha: 0


Estado 0

    0 $accept: . program $end

    $default  reduce usando la regla 1 (program)

    program  ir al estado 1


Estado 1

    0 $accept: program . $end

    $end  desplazar e ir al estado 2


Estado 2

    0 $accept: program $end .

    $default  aceptar
